<?xml version="1.0" encoding="UTF-8" ?>
<testsuite tests="2" failures="0" name="com.inigo.thermostat.TestLogin" time="0.005" errors="2" skipped="0">
  <properties>
[...]
</properties>
  <testcase classname="com.inigo.thermostat.TestLogin" name="testErroneusLogin" time="0.001">
    <error message="opening db: &apos;/opt/tomcat/test.db&apos;: Permiso denegado" type="com.inigo.domotik.exceptions.ThermostatException">com.inigo.domotik.exceptions.ThermostatException: opening db: &apos;/opt/tomcat/test.db&apos;: Permiso denegado
	at com.inigo.domotik.db.CustomConnection.getConnection(CustomConnection.java:55)
	at com.inigo.domotik.Login.findUser(Login.java:33)
	at com.inigo.domotik.Login.login(Login.java:18)
	at com.inigo.thermostat.TestLogin.testErroneusLogin(TestLogin.java:18)
	at sun.reflect.NativeMethodAccessorImpl.invoke0(Native Method)
	at sun.reflect.NativeMethodAccessorImpl.invoke(NativeMethodAccessorImpl.java:62)
	at sun.reflect.DelegatingMethodAccessorImpl.invoke(DelegatingMethodAccessorImpl.java:43)
	at java.lang.reflect.Method.invoke(Method.java:498)
	at junit.framework.TestCase.runTest(TestCase.java:176)
	at junit.framework.TestCase.runBare(TestCase.java:141)
	at junit.framework.TestResult$1.protect(TestResult.java:122)
	at junit.framework.TestResult.runProtected(TestResult.java:142)
	at junit.framework.TestResult.run(TestResult.java:125)
	at junit.framework.TestCase.run(TestCase.java:129)
	at junit.framework.TestSuite.runTest(TestSuite.java:252)
	at junit.framework.TestSuite.run(TestSuite.java:247)
	at org.junit.internal.runners.JUnit38ClassRunner.run(JUnit38ClassRunner.java:86)
	at org.apache.maven.surefire.junit4.JUnit4Provider.execute(JUnit4Provider.java:252)
	at org.apache.maven.surefire.junit4.JUnit4Provider.executeTestSet(JUnit4Provider.java:141)
	at org.apache.maven.surefire.junit4.JUnit4Provider.invoke(JUnit4Provider.java:112)
	at sun.reflect.NativeMethodAccessorImpl.invoke0(Native Method)
	at sun.reflect.NativeMethodAccessorImpl.invoke(NativeMethodAccessorImpl.java:62)
	at sun.reflect.DelegatingMethodAccessorImpl.invoke(DelegatingMethodAccessorImpl.java:43)
	at java.lang.reflect.Method.invoke(Method.java:498)
	at org.apache.maven.surefire.util.ReflectionUtils.invokeMethodWithArray(ReflectionUtils.java:189)
	at org.apache.maven.surefire.booter.ProviderFactory$ProviderProxy.invoke(ProviderFactory.java:165)
	at org.apache.maven.surefire.booter.ProviderFactory.invokeProvider(ProviderFactory.java:85)
	at org.apache.maven.surefire.booter.ForkedBooter.runSuitesInProcess(ForkedBooter.java:115)
	at org.apache.maven.surefire.booter.ForkedBooter.main(ForkedBooter.java:75)
Caused by: java.sql.SQLException: opening db: &apos;/opt/tomcat/test.db&apos;: Permiso denegado
	at org.sqlite.core.CoreConnection.open(CoreConnection.java:203)
	at org.sqlite.core.CoreConnection.&lt;init&gt;(CoreConnection.java:76)
	at org.sqlite.jdbc3.JDBC3Connection.&lt;init&gt;(JDBC3Connection.java:24)
	at org.sqlite.jdbc4.JDBC4Connection.&lt;init&gt;(JDBC4Connection.java:23)
	at org.sqlite.SQLiteConnection.&lt;init&gt;(SQLiteConnection.java:45)
	at org.sqlite.JDBC.createConnection(JDBC.java:114)
	at org.sqlite.JDBC.connect(JDBC.java:88)
	at java.sql.DriverManager.getConnection(DriverManager.java:664)
	at java.sql.DriverManager.getConnection(DriverManager.java:270)
	at com.inigo.domotik.db.CustomConnection.getConnection(CustomConnection.java:51)
	... 28 more
</error>
    <system-err>java.sql.SQLException: opening db: &apos;/opt/tomcat/test.db&apos;: Permiso denegado
	at org.sqlite.core.CoreConnection.open(CoreConnection.java:203)
	at org.sqlite.core.CoreConnection.&lt;init&gt;(CoreConnection.java:76)
	at org.sqlite.jdbc3.JDBC3Connection.&lt;init&gt;(JDBC3Connection.java:24)
	at org.sqlite.jdbc4.JDBC4Connection.&lt;init&gt;(JDBC4Connection.java:23)
	at org.sqlite.SQLiteConnection.&lt;init&gt;(SQLiteConnection.java:45)
	at org.sqlite.JDBC.createConnection(JDBC.java:114)
	at org.sqlite.JDBC.connect(JDBC.java:88)
	at java.sql.DriverManager.getConnection(DriverManager.java:664)
	at java.sql.DriverManager.getConnection(DriverManager.java:270)
	at com.inigo.domotik.db.CustomConnection.getConnection(CustomConnection.java:51)
	at com.inigo.domotik.Login.findUser(Login.java:33)
	at com.inigo.domotik.Login.login(Login.java:18)
	at com.inigo.thermostat.TestLogin.testErroneusLogin(TestLogin.java:18)
	at sun.reflect.NativeMethodAccessorImpl.invoke0(Native Method)
	at sun.reflect.NativeMethodAccessorImpl.invoke(NativeMethodAccessorImpl.java:62)
	at sun.reflect.DelegatingMethodAccessorImpl.invoke(DelegatingMethodAccessorImpl.java:43)
	at java.lang.reflect.Method.invoke(Method.java:498)
	at junit.framework.TestCase.runTest(TestCase.java:176)
	at junit.framework.TestCase.runBare(TestCase.java:141)
	at junit.framework.TestResult$1.protect(TestResult.java:122)
	at junit.framework.TestResult.runProtected(TestResult.java:142)
	at junit.framework.TestResult.run(TestResult.java:125)
	at junit.framework.TestCase.run(TestCase.java:129)
	at junit.framework.TestSuite.runTest(TestSuite.java:252)
	at junit.framework.TestSuite.run(TestSuite.java:247)
	at org.junit.internal.runners.JUnit38ClassRunner.run(JUnit38ClassRunner.java:86)
	at org.apache.maven.surefire.junit4.JUnit4Provider.execute(JUnit4Provider.java:252)
	at org.apache.maven.surefire.junit4.JUnit4Provider.executeTestSet(JUnit4Provider.java:141)
	at org.apache.maven.surefire.junit4.JUnit4Provider.invoke(JUnit4Provider.java:112)
	at sun.reflect.NativeMethodAccessorImpl.invoke0(Native Method)
	at sun.reflect.NativeMethodAccessorImpl.invoke(NativeMethodAccessorImpl.java:62)
	at sun.reflect.DelegatingMethodAccessorImpl.invoke(DelegatingMethodAccessorImpl.java:43)
	at java.lang.reflect.Method.invoke(Method.java:498)
	at org.apache.maven.surefire.util.ReflectionUtils.invokeMethodWithArray(ReflectionUtils.java:189)
	at org.apache.maven.surefire.booter.ProviderFactory$ProviderProxy.invoke(ProviderFactory.java:165)
	at org.apache.maven.surefire.booter.ProviderFactory.invokeProvider(ProviderFactory.java:85)
	at org.apache.maven.surefire.booter.ForkedBooter.runSuitesInProcess(ForkedBooter.java:115)
	at org.apache.maven.surefire.booter.ForkedBooter.main(ForkedBooter.java:75)
</system-err>
  </testcase>
  <testcase classname="com.inigo.thermostat.TestLogin" name="testUserName" time="0.004">
    <error message="opening db: &apos;/opt/tomcat/test.db&apos;: Permiso denegado" type="com.inigo.domotik.exceptions.ThermostatException">com.inigo.domotik.exceptions.ThermostatException: opening db: &apos;/opt/tomcat/test.db&apos;: Permiso denegado
	at com.inigo.domotik.db.CustomConnection.getConnection(CustomConnection.java:55)
	at com.inigo.domotik.Login.findUser(Login.java:33)
	at com.inigo.domotik.Login.login(Login.java:18)
	at com.inigo.thermostat.TestLogin.testUserName(TestLogin.java:12)
	at sun.reflect.NativeMethodAccessorImpl.invoke0(Native Method)
	at sun.reflect.NativeMethodAccessorImpl.invoke(NativeMethodAccessorImpl.java:62)
	at sun.reflect.DelegatingMethodAccessorImpl.invoke(DelegatingMethodAccessorImpl.java:43)
	at java.lang.reflect.Method.invoke(Method.java:498)
	at junit.framework.TestCase.runTest(TestCase.java:176)
	at junit.framework.TestCase.runBare(TestCase.java:141)
	at junit.framework.TestResult$1.protect(TestResult.java:122)
	at junit.framework.TestResult.runProtected(TestResult.java:142)
	at junit.framework.TestResult.run(TestResult.java:125)
	at junit.framework.TestCase.run(TestCase.java:129)
	at junit.framework.TestSuite.runTest(TestSuite.java:252)
	at junit.framework.TestSuite.run(TestSuite.java:247)
	at org.junit.internal.runners.JUnit38ClassRunner.run(JUnit38ClassRunner.java:86)
	at org.apache.maven.surefire.junit4.JUnit4Provider.execute(JUnit4Provider.java:252)
	at org.apache.maven.surefire.junit4.JUnit4Provider.executeTestSet(JUnit4Provider.java:141)
	at org.apache.maven.surefire.junit4.JUnit4Provider.invoke(JUnit4Provider.java:112)
	at sun.reflect.NativeMethodAccessorImpl.invoke0(Native Method)
	at sun.reflect.NativeMethodAccessorImpl.invoke(NativeMethodAccessorImpl.java:62)
	at sun.reflect.DelegatingMethodAccessorImpl.invoke(DelegatingMethodAccessorImpl.java:43)
	at java.lang.reflect.Method.invoke(Method.java:498)
	at org.apache.maven.surefire.util.ReflectionUtils.invokeMethodWithArray(ReflectionUtils.java:189)
	at org.apache.maven.surefire.booter.ProviderFactory$ProviderProxy.invoke(ProviderFactory.java:165)
	at org.apache.maven.surefire.booter.ProviderFactory.invokeProvider(ProviderFactory.java:85)
	at org.apache.maven.surefire.booter.ForkedBooter.runSuitesInProcess(ForkedBooter.java:115)
	at org.apache.maven.surefire.booter.ForkedBooter.main(ForkedBooter.java:75)
Caused by: java.sql.SQLException: opening db: &apos;/opt/tomcat/test.db&apos;: Permiso denegado
	at org.sqlite.core.CoreConnection.open(CoreConnection.java:203)
	at org.sqlite.core.CoreConnection.&lt;init&gt;(CoreConnection.java:76)
	at org.sqlite.jdbc3.JDBC3Connection.&lt;init&gt;(JDBC3Connection.java:24)
	at org.sqlite.jdbc4.JDBC4Connection.&lt;init&gt;(JDBC4Connection.java:23)
	at org.sqlite.SQLiteConnection.&lt;init&gt;(SQLiteConnection.java:45)
	at org.sqlite.JDBC.createConnection(JDBC.java:114)
	at org.sqlite.JDBC.connect(JDBC.java:88)
	at java.sql.DriverManager.getConnection(DriverManager.java:664)
	at java.sql.DriverManager.getConnection(DriverManager.java:270)
	at com.inigo.domotik.db.CustomConnection.getConnection(CustomConnection.java:51)
	... 28 more
</error>
    <system-err>java.sql.SQLException: opening db: &apos;/opt/tomcat/test.db&apos;: Permiso denegado
	at org.sqlite.core.CoreConnection.open(CoreConnection.java:203)
	at org.sqlite.core.CoreConnection.&lt;init&gt;(CoreConnection.java:76)
	at org.sqlite.jdbc3.JDBC3Connection.&lt;init&gt;(JDBC3Connection.java:24)
	at org.sqlite.jdbc4.JDBC4Connection.&lt;init&gt;(JDBC4Connection.java:23)
	at org.sqlite.SQLiteConnection.&lt;init&gt;(SQLiteConnection.java:45)
	at org.sqlite.JDBC.createConnection(JDBC.java:114)
	at org.sqlite.JDBC.connect(JDBC.java:88)
	at java.sql.DriverManager.getConnection(DriverManager.java:664)
	at java.sql.DriverManager.getConnection(DriverManager.java:270)
	at com.inigo.domotik.db.CustomConnection.getConnection(CustomConnection.java:51)
	at com.inigo.domotik.Login.findUser(Login.java:33)
	at com.inigo.domotik.Login.login(Login.java:18)
	at com.inigo.thermostat.TestLogin.testUserName(TestLogin.java:12)
	at sun.reflect.NativeMethodAccessorImpl.invoke0(Native Method)
	at sun.reflect.NativeMethodAccessorImpl.invoke(NativeMethodAccessorImpl.java:62)
	at sun.reflect.DelegatingMethodAccessorImpl.invoke(DelegatingMethodAccessorImpl.java:43)
	at java.lang.reflect.Method.invoke(Method.java:498)
	at junit.framework.TestCase.runTest(TestCase.java:176)
	at junit.framework.TestCase.runBare(TestCase.java:141)
	at junit.framework.TestResult$1.protect(TestResult.java:122)
	at junit.framework.TestResult.runProtected(TestResult.java:142)
	at junit.framework.TestResult.run(TestResult.java:125)
	at junit.framework.TestCase.run(TestCase.java:129)
	at junit.framework.TestSuite.runTest(TestSuite.java:252)
	at junit.framework.TestSuite.run(TestSuite.java:247)
	at org.junit.internal.runners.JUnit38ClassRunner.run(JUnit38ClassRunner.java:86)
	at org.apache.maven.surefire.junit4.JUnit4Provider.execute(JUnit4Provider.java:252)
	at org.apache.maven.surefire.junit4.JUnit4Provider.executeTestSet(JUnit4Provider.java:141)
	at org.apache.maven.surefire.junit4.JUnit4Provider.invoke(JUnit4Provider.java:112)
	at sun.reflect.NativeMethodAccessorImpl.invoke0(Native Method)
	at sun.reflect.NativeMethodAccessorImpl.invoke(NativeMethodAccessorImpl.java:62)
	at sun.reflect.DelegatingMethodAccessorImpl.invoke(DelegatingMethodAccessorImpl.java:43)
	at java.lang.reflect.Method.invoke(Method.java:498)
	at org.apache.maven.surefire.util.ReflectionUtils.invokeMethodWithArray(ReflectionUtils.java:189)
	at org.apache.maven.surefire.booter.ProviderFactory$ProviderProxy.invoke(ProviderFactory.java:165)
	at org.apache.maven.surefire.booter.ProviderFactory.invokeProvider(ProviderFactory.java:85)
	at org.apache.maven.surefire.booter.ForkedBooter.runSuitesInProcess(ForkedBooter.java:115)
	at org.apache.maven.surefire.booter.ForkedBooter.main(ForkedBooter.java:75)
</system-err>
  </testcase>
</testsuite>